Build started 3/17/2017 10:53:01 AM.
     1>Project "C:\Users\User\Documents\GitHub\BoundingSphereTest\BoundingSphereTest\BoundingSphereTest.vcxproj" on node 2 (Build target(s)).
     1>ClCompile:
         C:\Program Files (x86)\Microsoft Visual Studio 12.0\VC\bin\CL.exe /c /I"C:\Development Libraries\freeglut\include" /I"C:\Development Libraries\glm" /I"C:\Development Libraries\glew-2.0.0\include\GL" /ZI /nologo /W3 /WX- /Od /Oy- /D WIN32 /D _DEBUG /D _CONSOLE /D _LIB /D _UNICODE /D UNICODE /Gm /EHsc /RTC1 /MDd /GS /fp:precise /Zc:wchar_t /Zc:forScope /Fo"Debug\\" /Fd"Debug\vc120.pdb" /Gd /TP /analyze- /errorReport:prompt main.cpp
         main.cpp
     1>c:\users\user\documents\github\boundingspheretest\boundingspheretest\main.cpp(4): warning C4067: unexpected tokens following preprocessor directive - expected a newline
       Link:
         C:\Program Files (x86)\Microsoft Visual Studio 12.0\VC\bin\link.exe /ERRORREPORT:PROMPT /OUT:"C:\Users\User\Documents\GitHub\BoundingSphereTest\Debug\BoundingSphereTest.exe" /INCREMENTAL /NOLOGO glew32sd.lib kernel32.lib user32.lib gdi32.lib winspool.lib comdlg32.lib advapi32.lib shell32.lib ole32.lib oleaut32.lib uuid.lib odbc32.lib odbccp32.lib kernel32.lib user32.lib gdi32.lib winspool.lib comdlg32.lib advapi32.lib shell32.lib ole32.lib oleaut32.lib uuid.lib odbc32.lib odbccp32.lib /MANIFEST /MANIFESTUAC:"level='asInvoker' uiAccess='false'" /manifest:embed /DEBUG /PDB:"C:\Users\User\Documents\GitHub\BoundingSphereTest\Debug\BoundingSphereTest.pdb" /SUBSYSTEM:CONSOLE /TLBID:1 /DYNAMICBASE /NXCOMPAT /IMPLIB:"C:\Users\User\Documents\GitHub\BoundingSphereTest\Debug\BoundingSphereTest.lib" /MACHINE:X86 Debug\Circle.obj
         Debug\HelperFunctions.obj
         Debug\main.obj
         Debug\ObjectManager.obj
         Debug\Point.obj
         Debug\RenderComponent.obj
         Debug\RenderManager.obj
         Debug\Sphere.obj
         Debug\WelzlMBC.obj
     1>LINK : fatal error LNK1104: cannot open file 'glew32sd.lib'
     1>Done Building Project "C:\Users\User\Documents\GitHub\BoundingSphereTest\BoundingSphereTest\BoundingSphereTest.vcxproj" (Build target(s)) -- FAILED.

Build FAILED.

Time Elapsed 00:00:00.83
